<?xml version="1.0" encoding="UTF-8"?>
<!-- Generated by org.testng.reporters.JUnitXMLReporter -->
<testsuite hostname="DESKTOP-71MVPRD" ignored="0" name="Default test" tests="3" failures="0" timestamp="2022-08-27T14:43:53 IST" time="0.087" errors="0">
  <testcase name="dp" time="0.009" classname="FrameworkTestNg.Dataproviders"/>
  <testcase name="dp" time="0.003" classname="FrameworkTestNg.Dataproviders"/>
  <testcase name="dp" time="0.001" classname="FrameworkTestNg.Dataproviders"/>
</testsuite> <!-- Default test -->
