<?xml version="1.0" encoding="UTF-8"?>
<!-- Generated by org.testng.reporters.JUnitXMLReporter -->
<testsuite hostname="DESKTOP-71MVPRD" ignored="2" name="Sanity Testing" tests="1" failures="0" timestamp="2022-08-10T20:18:42 IST" time="0.006" errors="0">
  <testcase name="test1" time="0.0" classname="FrameworkTestNg.Annotations"/>
  <testcase name="test3" time="0.0" classname="FrameworkTestNg.Annotations">
    <ignored/>
  </testcase> <!-- test3 -->
  <testcase name="test2" time="0.0" classname="FrameworkTestNg.Annotations">
    <ignored/>
  </testcase> <!-- test2 -->
</testsuite> <!-- Sanity Testing -->
